<?xml version="1.0" encoding="UTF-8"?>
<!-- Generated by org.testng.reporters.JUnitXMLReporter -->
<testsuite hostname="win7-PC" ignored="0" name="Surefire test" tests="10" failures="2" timestamp="28 Oct 2018 17:54:50 GMT" time="63.497" errors="0">
  <testcase name="addTwoNumbers" time="7.445" classname="com.qa.jive.JiveAssignment.CalculatorPageTest"/>
  <testcase name="subtractTwoNumbers" time="5.606" classname="com.qa.jive.JiveAssignment.CalculatorPageTest"/>
  <testcase name="multiplyTwoNumbers" time="5.638" classname="com.qa.jive.JiveAssignment.CalculatorPageTest">
    <failure type="java.lang.AssertionError" message="expected [19781] but found [15131]">
      <![CDATA[java.lang.AssertionError: expected [19781] but found [15131]
at com.qa.jive.JiveAssignment.CalculatorPageTest.multiplyTwoNumbers(CalculatorPageTest.java:48)
... Removed 36 stack frames]]>
    </failure>
  </testcase> <!-- multiplyTwoNumbers -->
  <testcase name="divideTwoNumbers" time="4.625" classname="com.qa.jive.JiveAssignment.CalculatorPageTest"/>
  <testcase name="divideTwoNumbers2" time="3.425" classname="com.qa.jive.JiveAssignment.CalculatorPageTest">
    <failure type="java.lang.AssertionError" message="expected [1] but found [199]">
      <![CDATA[java.lang.AssertionError: expected [1] but found [199]
at com.qa.jive.JiveAssignment.CalculatorPageTest.divideTwoNumbers2(CalculatorPageTest.java:62)
... Removed 36 stack frames]]>
    </failure>
  </testcase> <!-- divideTwoNumbers2 -->
  <testcase name="backspaceAndAddNumbers" time="4.801" classname="com.qa.jive.JiveAssignment.CalculatorPageTest"/>
  <testcase name="invalidOperation" time="0.221" classname="com.qa.jive.JiveAssignment.CalculatorPageTest"/>
  <testcase name="invalidOperationInfinity" time="1.32" classname="com.qa.jive.JiveAssignment.CalculatorPageTest"/>
  <testcase name="invalidOperationNaN" time="1.27" classname="com.qa.jive.JiveAssignment.CalculatorPageTest"/>
  <testcase name="complexOperation" time="3.774" classname="com.qa.jive.JiveAssignment.CalculatorPageTest"/>
</testsuite> <!-- Surefire test -->
